app/build/intermediates/manifest_merge_blame_file/debug/processDebugMainManifest/manifest-merger-blame-debug-report.txt
1<?xml version="1.0" encoding="utf-8"?>
2<!--
3    OTT Application Manifest
4    Registers MainActivity, SetupActivity, TvInputService and supporting components.
5-->
6<manifest xmlns:android="http://schemas.android.com/apk/res/android"
7    package="com.example.ott"
8    android:versionCode="1"
9    android:versionName="1.0" >
10
11    <uses-sdk
12        android:minSdkVersion="21"
13        android:targetSdkVersion="35" />
14
15    <!-- Network access for HLS streams and server JSON -->
16    <uses-permission android:name="android.permission.INTERNET" />
16-->src/main/AndroidManifest.xml:9:5-67
16-->src/main/AndroidManifest.xml:9:22-64
17    <!-- Read channel/program data from TvProvider -->
18    <uses-permission android:name="com.android.providers.tv.permission.READ_EPG_DATA" />
18-->src/main/AndroidManifest.xml:11:5-89
18-->src/main/AndroidManifest.xml:11:22-86
19    <!-- Write channel/program data to TvProvider -->
20    <uses-permission android:name="com.android.providers.tv.permission.WRITE_EPG_DATA" />
20-->src/main/AndroidManifest.xml:13:5-90
20-->src/main/AndroidManifest.xml:13:22-87
21    <!-- Re-schedule EPG sync after device reboot -->
22    <uses-permission android:name="android.permission.RECEIVE_BOOT_COMPLETED" />
22-->src/main/AndroidManifest.xml:15:5-81
22-->src/main/AndroidManifest.xml:15:22-78
23
24    <!-- Android TV hardware requirements -->
25    <uses-feature
25-->src/main/AndroidManifest.xml:18:5-90
26        android:name="android.hardware.touchscreen"
26-->src/main/AndroidManifest.xml:18:19-62
27        android:required="false" />
27-->src/main/AndroidManifest.xml:18:63-87
28    <uses-feature
28-->src/main/AndroidManifest.xml:19:5-89
29        android:name="android.software.leanback"
29-->src/main/AndroidManifest.xml:19:19-59
30        android:required="true" />
30-->src/main/AndroidManifest.xml:19:63-86
31    <uses-feature
31-->src/main/AndroidManifest.xml:20:5-89
32        android:name="android.software.live_tv"
32-->src/main/AndroidManifest.xml:20:19-58
33        android:required="true" />
33-->src/main/AndroidManifest.xml:20:63-86
34
35    <uses-permission android:name="android.permission.ACCESS_NETWORK_STATE" />
35-->[androidx.media3:media3-common:1.3.1] AndroidManifest.xml:22:5-79
35-->[androidx.media3:media3-common:1.3.1] AndroidManifest.xml:22:22-76
36
37    <permission
37-->[androidx.core:core:1.9.0] AndroidManifest.xml:22:5-24:47
38        android:name="com.example.ott.DYNAMIC_RECEIVER_NOT_EXPORTED_PERMISSION"
38-->[androidx.core:core:1.9.0] AndroidManifest.xml:23:9-81
39        android:protectionLevel="signature" />
39-->[androidx.core:core:1.9.0] AndroidManifest.xml:24:9-44
40
41    <uses-permission android:name="com.example.ott.DYNAMIC_RECEIVER_NOT_EXPORTED_PERMISSION" />
41-->[androidx.core:core:1.9.0] AndroidManifest.xml:26:5-97
41-->[androidx.core:core:1.9.0] AndroidManifest.xml:26:22-94
42
43    <application
43-->src/main/AndroidManifest.xml:22:5-91:19
44        android:allowBackup="false"
44-->src/main/AndroidManifest.xml:23:9-36
45        android:appComponentFactory="androidx.core.app.CoreComponentFactory"
45-->[androidx.core:core:1.9.0] AndroidManifest.xml:28:18-86
46        android:banner="@drawable/ic_banner"
46-->src/main/AndroidManifest.xml:27:9-45
47        android:debuggable="true"
48        android:extractNativeLibs="true"
49        android:icon="@drawable/ic_launcher"
49-->src/main/AndroidManifest.xml:24:9-45
50        android:label="@string/app_name"
50-->src/main/AndroidManifest.xml:25:9-41
51        android:testOnly="true"
52        android:theme="@style/Theme.Leanback" >
52-->src/main/AndroidManifest.xml:26:9-46
53
54        <!--
55             ================================================================
56             MainActivity – Leanback launcher entry point (dummy splash)
57             ================================================================
58        -->
59        <activity
59-->src/main/AndroidManifest.xml:32:9-40:20
60            android:name="com.example.ott.MainActivity"
60-->src/main/AndroidManifest.xml:33:13-41
61            android:exported="true"
61-->src/main/AndroidManifest.xml:34:13-36
62            android:label="@string/app_name" >
62-->src/main/AndroidManifest.xml:35:13-45
63            <intent-filter>
63-->src/main/AndroidManifest.xml:36:13-39:29
64                <action android:name="android.intent.action.MAIN" />
64-->src/main/AndroidManifest.xml:37:17-69
64-->src/main/AndroidManifest.xml:37:25-66
65
66                <category android:name="android.intent.category.LEANBACK_LAUNCHER" />
66-->src/main/AndroidManifest.xml:38:17-86
66-->src/main/AndroidManifest.xml:38:27-83
67            </intent-filter>
68        </activity>
69
70        <!--
71             ================================================================
72             SetupActivity – launched by Live Channels before using the input
73             ================================================================
74        -->
75        <activity
75-->src/main/AndroidManifest.xml:45:9-53:20
76            android:name="com.example.ott.rich.OttSetupActivity"
76-->src/main/AndroidManifest.xml:46:13-50
77            android:exported="true"
77-->src/main/AndroidManifest.xml:47:13-36
78            android:label="@string/setup_title"
78-->src/main/AndroidManifest.xml:49:13-48
79            android:theme="@style/Theme.Setup" >
79-->src/main/AndroidManifest.xml:48:13-47
80            <intent-filter>
80-->src/main/AndroidManifest.xml:50:13-52:29
81                <action android:name="android.intent.action.MAIN" />
81-->src/main/AndroidManifest.xml:37:17-69
81-->src/main/AndroidManifest.xml:37:25-66
82            </intent-filter>
83        </activity>
84
85        <!--
86             ================================================================
87             OTT TV Input Service
88             ================================================================
89        -->
90        <service
90-->src/main/AndroidManifest.xml:58:9-70:19
91            android:name="com.example.ott.rich.OttTvInputService"
91-->src/main/AndroidManifest.xml:59:13-51
92            android:exported="true"
92-->src/main/AndroidManifest.xml:62:13-36
93            android:label="@string/app_name"
93-->src/main/AndroidManifest.xml:60:13-45
94            android:permission="android.permission.BIND_TV_INPUT" >
94-->src/main/AndroidManifest.xml:61:13-66
95            <intent-filter>
95-->src/main/AndroidManifest.xml:63:13-65:29
96                <action android:name="android.media.tv.TvInputService" />
96-->src/main/AndroidManifest.xml:64:17-74
96-->src/main/AndroidManifest.xml:64:25-71
97            </intent-filter>
98            <!-- Points Live Channels to SetupActivity -->
99            <meta-data
99-->src/main/AndroidManifest.xml:67:13-69:61
100                android:name="android.media.tv.input"
100-->src/main/AndroidManifest.xml:68:17-54
101                android:resource="@xml/otttvinputservice" />
101-->src/main/AndroidManifest.xml:69:17-58
102        </service>
103
104        <!--
105             ================================================================
106             EPG sync job – runs periodically to refresh channel data
107             ================================================================
108        -->
109        <service
109-->src/main/AndroidManifest.xml:75:9-78:39
110            android:name="com.example.ott.rich.OttEpgJobService"
110-->src/main/AndroidManifest.xml:76:13-50
111            android:exported="true"
111-->src/main/AndroidManifest.xml:78:13-36
112            android:permission="android.permission.BIND_JOB_SERVICE" />
112-->src/main/AndroidManifest.xml:77:13-69
113
114        <!--
115             ================================================================
116             Boot receiver – reschedules EPG sync after reboot
117             ================================================================
118        -->
119        <receiver
119-->src/main/AndroidManifest.xml:83:9-89:20
120            android:name="com.example.ott.rich.OttBootReceiver"
120-->src/main/AndroidManifest.xml:84:13-49
121            android:exported="true" >
121-->src/main/AndroidManifest.xml:85:13-36
122            <intent-filter>
122-->src/main/AndroidManifest.xml:86:13-88:29
123                <action android:name="android.intent.action.BOOT_COMPLETED" />
123-->src/main/AndroidManifest.xml:87:17-79
123-->src/main/AndroidManifest.xml:87:25-76
124            </intent-filter>
125        </receiver>
126    </application>
127
128</manifest>